This is e-upTeX, Version 3.14159265-p3.7-u1.21-160201-2.6 (utf8.uptex) (TeX Live 2016) (preloaded format=uplatex 2016.5.22)  25 JAN 2017 14:19
entering extended mode
 restricted \write18 enabled.
 file:line:error style messages enabled.
 %&-line parsing enabled.
**main.tex
(./main.tex
pLaTeX2e <2016/05/07u00> (based on LaTeX2e <2016/03/31>)
Babel <3.9r> and hyphenation patterns for 83 language(s) loaded.
(/usr/local/texlive/2016/texmf-dist/tex/platex/jsclasses/jsarticle.cls
Document Class: jsarticle 2014/02/07 okumura

/usr/local/texlive/2016/texmf-dist/tex/platex/jsclasses/jsarticle.cls:330: LaTeX Error: Font family `JY1+mc' unknown.

See the LaTeX manual or LaTeX Companion for explanation.
Type  H <return>  for immediate help.
 ...                                              
                                                  
l.330 ...c}{m}{n}{<-> s * [0.961] \jsc@pfx@ jis}{}
                                                  
Your command was ignored.
Type  I <command> <return>  to replace it with another command,
or  <return>  to continue without it.


/usr/local/texlive/2016/texmf-dist/tex/platex/jsclasses/jsarticle.cls:331: LaTeX Error: Font family `JY1+gt' unknown.

See the LaTeX manual or LaTeX Companion for explanation.
Type  H <return>  for immediate help.
 ...                                              
                                                  
l.331 ...}{m}{n}{<-> s * [0.961] \jsc@pfx@ jisg}{}
                                                  
Your command was ignored.
Type  I <command> <return>  to replace it with another command,
or  <return>  to continue without it.


/usr/local/texlive/2016/texmf-dist/tex/platex/jsclasses/jsarticle.cls:332: LaTeX Error: Font family `JT1+mc' unknown.

See the LaTeX manual or LaTeX Companion for explanation.
Type  H <return>  for immediate help.
 ...                                              
                                                  
l.332 ...m}{n}{<-> s * [0.961] \jsc@pfx@ tmin10}{}
                                                  
Your command was ignored.
Type  I <command> <return>  to replace it with another command,
or  <return>  to continue without it.


/usr/local/texlive/2016/texmf-dist/tex/platex/jsclasses/jsarticle.cls:333: LaTeX Error: Font family `JT1+gt' unknown.

See the LaTeX manual or LaTeX Companion for explanation.
Type  H <return>  for immediate help.
 ...                                              
                                                  
l.333 ...}{n}{<-> s * [0.961] \jsc@pfx@ tgoth10}{}
                                                  
Your command was ignored.
Type  I <command> <return>  to replace it with another command,
or  <return>  to continue without it.


/usr/local/texlive/2016/texmf-dist/tex/platex/jsclasses/jsarticle.cls:338: LaTeX Error: Font family `JY1+mc' unknown.

See the LaTeX manual or LaTeX Companion for explanation.
Type  H <return>  for immediate help.
 ...                                              
                                                  
l.338 ...pe{\jsc@JYn}{mc}{m}{it}{<->ssub*mc/m/n}{}
                                                  
Your command was ignored.
Type  I <command> <return>  to replace it with another command,
or  <return>  to continue without it.


/usr/local/texlive/2016/texmf-dist/tex/platex/jsclasses/jsarticle.cls:339: LaTeX Error: Font family `JY1+mc' unknown.

See the LaTeX manual or LaTeX Companion for explanation.
Type  H <return>  for immediate help.
 ...                                              
                                                  
l.339 ...pe{\jsc@JYn}{mc}{m}{sl}{<->ssub*mc/m/n}{}
                                                  
Your command was ignored.
Type  I <command> <return>  to replace it with another command,
or  <return>  to continue without it.


/usr/local/texlive/2016/texmf-dist/tex/platex/jsclasses/jsarticle.cls:340: LaTeX Error: Font family `JY1+mc' unknown.

See the LaTeX manual or LaTeX Companion for explanation.
Type  H <return>  for immediate help.
 ...                                              
                                                  
l.340 ...pe{\jsc@JYn}{mc}{m}{sc}{<->ssub*mc/m/n}{}
                                                  
Your command was ignored.
Type  I <command> <return>  to replace it with another command,
or  <return>  to continue without it.


/usr/local/texlive/2016/texmf-dist/tex/platex/jsclasses/jsarticle.cls:341: LaTeX Error: Font family `JY1+gt' unknown.

See the LaTeX manual or LaTeX Companion for explanation.
Type  H <return>  for immediate help.
 ...                                              
                                                  
l.341 ...pe{\jsc@JYn}{gt}{m}{it}{<->ssub*gt/m/n}{}
                                                  
Your command was ignored.
Type  I <command> <return>  to replace it with another command,
or  <return>  to continue without it.


/usr/local/texlive/2016/texmf-dist/tex/platex/jsclasses/jsarticle.cls:342: LaTeX Error: Font family `JY1+gt' unknown.

See the LaTeX manual or LaTeX Companion for explanation.
Type  H <return>  for immediate help.
 ...                                              
                                                  
l.342 ...pe{\jsc@JYn}{gt}{m}{sl}{<->ssub*gt/m/n}{}
                                                  
Your command was ignored.
Type  I <command> <return>  to replace it with another command,
or  <return>  to continue without it.


/usr/local/texlive/2016/texmf-dist/tex/platex/jsclasses/jsarticle.cls:343: LaTeX Error: Font family `JY1+mc' unknown.

See the LaTeX manual or LaTeX Companion for explanation.
Type  H <return>  for immediate help.
 ...                                              
                                                  
l.343 ...e{\jsc@JYn}{mc}{bx}{it}{<->ssub*gt/m/n}{}
                                                  
Your command was ignored.
Type  I <command> <return>  to replace it with another command,
or  <return>  to continue without it.


/usr/local/texlive/2016/texmf-dist/tex/platex/jsclasses/jsarticle.cls:344: LaTeX Error: Font family `JY1+mc' unknown.

See the LaTeX manual or LaTeX Companion for explanation.
Type  H <return>  for immediate help.
 ...                                              
                                                  
l.344 ...e{\jsc@JYn}{mc}{bx}{sl}{<->ssub*gt/m/n}{}
                                                  
Your command was ignored.
Type  I <command> <return>  to replace it with another command,
or  <return>  to continue without it.


/usr/local/texlive/2016/texmf-dist/tex/platex/jsclasses/jsarticle.cls:345: LaTeX Error: Font family `JT1+mc' unknown.

See the LaTeX manual or LaTeX Companion for explanation.
Type  H <return>  for immediate help.
 ...                                              
                                                  
l.345 ...pe{\jsc@JTn}{mc}{m}{it}{<->ssub*mc/m/n}{}
                                                  
Your command was ignored.
Type  I <command> <return>  to replace it with another command,
or  <return>  to continue without it.


/usr/local/texlive/2016/texmf-dist/tex/platex/jsclasses/jsarticle.cls:346: LaTeX Error: Font family `JT1+mc' unknown.

See the LaTeX manual or LaTeX Companion for explanation.
Type  H <return>  for immediate help.
 ...                                              
                                                  
l.346 ...pe{\jsc@JTn}{mc}{m}{sl}{<->ssub*mc/m/n}{}
                                                  
Your command was ignored.
Type  I <command> <return>  to replace it with another command,
or  <return>  to continue without it.


/usr/local/texlive/2016/texmf-dist/tex/platex/jsclasses/jsarticle.cls:347: LaTeX Error: Font family `JT1+mc' unknown.

See the LaTeX manual or LaTeX Companion for explanation.
Type  H <return>  for immediate help.
 ...                                              
                                                  
l.347 ...pe{\jsc@JTn}{mc}{m}{sc}{<->ssub*mc/m/n}{}
                                                  
Your command was ignored.
Type  I <command> <return>  to replace it with another command,
or  <return>  to continue without it.


/usr/local/texlive/2016/texmf-dist/tex/platex/jsclasses/jsarticle.cls:348: LaTeX Error: Font family `JT1+gt' unknown.

See the LaTeX manual or LaTeX Companion for explanation.
Type  H <return>  for immediate help.
 ...                                              
                                                  
l.348 ...pe{\jsc@JTn}{gt}{m}{it}{<->ssub*gt/m/n}{}
                                                  
Your command was ignored.
Type  I <command> <return>  to replace it with another command,
or  <return>  to continue without it.


/usr/local/texlive/2016/texmf-dist/tex/platex/jsclasses/jsarticle.cls:349: LaTeX Error: Font family `JT1+gt' unknown.

See the LaTeX manual or LaTeX Companion for explanation.
Type  H <return>  for immediate help.
 ...                                              
                                                  
l.349 ...pe{\jsc@JTn}{gt}{m}{sl}{<->ssub*gt/m/n}{}
                                                  
Your command was ignored.
Type  I <command> <return>  to replace it with another command,
or  <return>  to continue without it.


/usr/local/texlive/2016/texmf-dist/tex/platex/jsclasses/jsarticle.cls:350: LaTeX Error: Font family `JT1+mc' unknown.

See the LaTeX manual or LaTeX Companion for explanation.
Type  H <return>  for immediate help.
 ...                                              
                                                  
l.350 ...e{\jsc@JTn}{mc}{bx}{it}{<->ssub*gt/m/n}{}
                                                  
Your command was ignored.
Type  I <command> <return>  to replace it with another command,
or  <return>  to continue without it.


/usr/local/texlive/2016/texmf-dist/tex/platex/jsclasses/jsarticle.cls:351: LaTeX Error: Font family `JT1+mc' unknown.

See the LaTeX manual or LaTeX Companion for explanation.
Type  H <return>  for immediate help.
 ...                                              
                                                  
l.351 ...e{\jsc@JTn}{mc}{bx}{sl}{<->ssub*gt/m/n}{}
                                                  
Your command was ignored.
Type  I <command> <return>  to replace it with another command,
or  <return>  to continue without it.

LaTeX Info: Redefining \rmfamily on input line 352.
LaTeX Info: Redefining \sffamily on input line 355.
LaTeX Info: Redefining \ttfamily on input line 358.

/usr/local/texlive/2016/texmf-dist/tex/platex/jsclasses/jsarticle.cls:421: LaTeX Error: Encoding scheme `JY1' unknown.

See the LaTeX manual or LaTeX Companion for explanation.
Type  H <return>  for immediate help.
 ...                                              
                                                  
l.421 ...areSymbolFont{mincho}{\jsc@JYn}{mc}{m}{n}
                                                  
Your command was ignored.
Type  I <command> <return>  to replace it with another command,
or  <return>  to continue without it.


/usr/local/texlive/2016/texmf-dist/tex/platex/jsclasses/jsarticle.cls:422: LaTeX Error: Unknown symbol font `mincho'.

See the LaTeX manual or LaTeX Companion for explanation.
Type  H <return>  for immediate help.
 ...                                              
                                                  
l.422 ...eclareSymbolFontAlphabet{\mathmc}{mincho}
                                                  
Your command was ignored.
Type  I <command> <return>  to replace it with another command,
or  <return>  to continue without it.


/usr/local/texlive/2016/texmf-dist/tex/platex/jsclasses/jsarticle.cls:423: LaTeX Error: Encoding scheme `JY1' unknown.

See the LaTeX manual or LaTeX Companion for explanation.
Type  H <return>  for immediate help.
 ...                                              
                                                  
l.423 ...bolFont{mincho}{bold}{\jsc@JYn}{gt}{m}{n}
                                                  
Your command was ignored.
Type  I <command> <return>  to replace it with another command,
or  <return>  to continue without it.

/usr/local/texlive/2016/texmf-dist/tex/platex/jsclasses/jsarticle.cls:424: Missing number, treated as zero.
<to be read again> 
                   \symmincho 
l.424     \jfam\symmincho
                         
A number should have been here; I inserted `0'.
(If you can't figure out why I needed to see a number,
look up `weird error' in the index to The TeXbook.)


/usr/local/texlive/2016/texmf-dist/tex/platex/jsclasses/jsarticle.cls:425: LaTeX Error: Encoding scheme `JY1' unknown.

See the LaTeX manual or LaTeX Companion for explanation.
Type  H <return>  for immediate help.
 ...                                              
                                                  
l.425 ...MathAlphabet{\mathgt}{\jsc@JYn}{gt}{m}{n}
                                                  
Your command was ignored.
Type  I <command> <return>  to replace it with another command,
or  <return>  to continue without it.

LaTeX Font Info:    Font shape `JT2/mc/m/n' will be
(Font)              scaled to size 9.6222pt on input line 613.
LaTeX Font Info:    Font shape `JY2/mc/m/n' will be
(Font)              scaled to size 9.6222pt on input line 613.
\fullwidth=\dimen118
LaTeX Font Info:    Font shape `JT2/mc/m/n' will be
(Font)              scaled to size 7.69775pt on input line 760.
LaTeX Font Info:    Font shape `JY2/mc/m/n' will be
(Font)              scaled to size 7.69775pt on input line 760.
\c@part=\count81
\c@section=\count82
\c@subsection=\count83
\c@subsubsection=\count84
\c@paragraph=\count85
\c@subparagraph=\count86
\@abstractbox=\box41
\c@figure=\count87
\c@table=\count88
\abovecaptionskip=\skip41
\belowcaptionskip=\skip42
\js@tocl@width=\dimen119
\@lnumwidth=\dimen120
\bibindent=\dimen121
LaTeX Info: Redefining \TeX on input line 1731.
LaTeX Info: Redefining \LaTeX on input line 1757.
LaTeX Info: Redefining \LaTeXe on input line 1782.
\heisei=\count89
) (./iapaper.sty) (/usr/local/texlive/2016/texmf-dist/tex/latex/graphics/graphicx.sty
Package: graphicx 2014/10/28 v1.0g Enhanced LaTeX Graphics (DPC,SPQR)
 (/usr/local/texlive/2016/texmf-dist/tex/latex/graphics/keyval.sty
Package: keyval 2014/10/28 v1.15 key=value parser (DPC)
\KV@toks@=\toks15
) (/usr/local/texlive/2016/texmf-dist/tex/latex/graphics/graphics.sty
Package: graphics 2016/05/09 v1.0r Standard LaTeX Graphics (DPC,SPQR)
 (/usr/local/texlive/2016/texmf-dist/tex/latex/graphics/trig.sty
Package: trig 2016/01/03 v1.10 sin cos tan (DPC)
) (/usr/local/texlive/2016/texmf-dist/tex/latex/graphics-cfg/graphics.cfg
File: graphics.cfg 2016/01/02 v1.10 sample graphics configuration
)
Package graphics Info: Driver file: dvipdfmx.def on input line 96.
 (/usr/local/texlive/2016/texmf-dist/tex/latex/dvipdfmx-def/dvipdfmx.def
File: dvipdfmx.def 2016/04/06 v4.08 LaTeX color/graphics driver for dvipdfmx (TeX Live/ChoF)
 (/usr/local/texlive/2016/texmf-dist/tex/generic/oberdiek/infwarerr.sty
Package: infwarerr 2016/05/16 v1.4 Providing info/warning/error messages (HO)
) (/usr/local/texlive/2016/texmf-dist/tex/generic/oberdiek/ltxcmds.sty
Package: ltxcmds 2016/05/16 v1.23 LaTeX kernel commands for general use (HO)
)))
\Gin@req@height=\dimen122
\Gin@req@width=\dimen123
) (/usr/local/texlive/2016/texmf-dist/tex/latex/here/here.sty) (/usr/local/texlive/2016/texmf-dist/tex/latex/float/float.sty
Package: float 2001/11/08 v1.3d Float enhancements (AL)
\c@float@type=\count90
\float@exts=\toks16
\float@box=\box42
\@float@everytoks=\toks17
\@floatcapt=\box43
)
./main.tex:8: Undefined control sequence.
l.8 \figuretrue
               
The control sequence at the end of the top line
of your error message was never \def'ed. If you have
misspelled it (e.g., `\hobx'), type `I' and the correct
spelling (e.g., `I\hbox'). Otherwise just continue,
and I'll forget about whatever was undefined.

(./main.aux)
\openout1 = `main.aux'.

LaTeX Font Info:    Checking defaults for OML/cmm/m/it on input line 10.
LaTeX Font Info:    ... okay on input line 10.
LaTeX Font Info:    Checking defaults for T1/cmr/m/n on input line 10.
LaTeX Font Info:    ... okay on input line 10.
LaTeX Font Info:    Checking defaults for OT1/cmr/m/n on input line 10.
LaTeX Font Info:    ... okay on input line 10.
LaTeX Font Info:    Checking defaults for OMS/cmsy/m/n on input line 10.
LaTeX Font Info:    ... okay on input line 10.
LaTeX Font Info:    Checking defaults for OMX/cmex/m/n on input line 10.
LaTeX Font Info:    ... okay on input line 10.
LaTeX Font Info:    Checking defaults for U/cmr/m/n on input line 10.
LaTeX Font Info:    ... okay on input line 10.
LaTeX Font Info:    Checking defaults for JY2/mc/m/n on input line 10.
LaTeX Font Info:    ... okay on input line 10.
LaTeX Font Info:    Checking defaults for JT2/mc/m/n on input line 10.
LaTeX Font Info:    ... okay on input line 10.
LaTeX Font Info:    Font shape `JT2/mc/m/n' will be
(Font)              scaled to size 11.54663pt on input line 13.
LaTeX Font Info:    Font shape `JY2/mc/m/n' will be
(Font)              scaled to size 11.54663pt on input line 13.
LaTeX Font Info:    Font shape `JT2/mc/m/n' will be
(Font)              scaled to size 16.62714pt on input line 18.
LaTeX Font Info:    Font shape `JY2/mc/m/n' will be
(Font)              scaled to size 16.62714pt on input line 18.
LaTeX Font Info:    Font shape `JT2/mc/m/n' will be
(Font)              scaled to size 23.94002pt on input line 22.
LaTeX Font Info:    Font shape `JY2/mc/m/n' will be
(Font)              scaled to size 23.94002pt on input line 22.
 [1

]
LaTeX Font Info:    Font shape `JT2/mc/m/n' will be
(Font)              scaled to size 13.85594pt on input line 29.
LaTeX Font Info:    Font shape `JY2/mc/m/n' will be
(Font)              scaled to size 13.85594pt on input line 29.
LaTeX Font Info:    Font shape `JT2/mc/bx/n' in size <14.4> not available
(Font)              Font shape `JT2/gt/m/n' tried instead on input line 29.
LaTeX Font Info:    Font shape `JT2/gt/m/n' will be
(Font)              scaled to size 13.85594pt on input line 29.
LaTeX Font Info:    Font shape `JY2/mc/bx/n' in size <14.4> not available
(Font)              Font shape `JY2/gt/m/n' tried instead on input line 29.
LaTeX Font Info:    Font shape `JY2/gt/m/n' will be
(Font)              scaled to size 13.85594pt on input line 29.
 [1

] [2] [3] [4

]
LaTeX Font Info:    Font shape `JT2/gt/m/n' will be
(Font)              scaled to size 9.6222pt on input line 60.
LaTeX Font Info:    Font shape `JY2/gt/m/n' will be
(Font)              scaled to size 9.6222pt on input line 60.
 (./main.toc
LaTeX Font Info:    External font `cmex10' loaded for size
(Font)              <7> on input line 4.
LaTeX Font Info:    External font `cmex10' loaded for size
(Font)              <5> on input line 4.
 [5

])
\tf@toc=\write3
\openout3 = `main.toc'.

 [6]
LaTeX Font Info:    Font shape `JT2/gt/m/n' will be
(Font)              scaled to size 11.54663pt on input line 69.
LaTeX Font Info:    Font shape `JY2/gt/m/n' will be
(Font)              scaled to size 11.54663pt on input line 69.
 [1

] [2]
LaTeX Font Info:    External font `cmex10' loaded for size
(Font)              <12> on input line 92.
LaTeX Font Info:    External font `cmex10' loaded for size
(Font)              <8> on input line 92.
LaTeX Font Info:    External font `cmex10' loaded for size
(Font)              <6> on input line 92.
LaTeX Font Info:    Font shape `JT2/mc/m/n' will be
(Font)              scaled to size 5.77332pt on input line 92.
LaTeX Font Info:    Font shape `JY2/mc/m/n' will be
(Font)              scaled to size 5.77332pt on input line 92.
 [3]
LaTeX Font Info:    Try loading font information for OMS+cmr on input line 115.
 (/usr/local/texlive/2016/texmf-dist/tex/latex/base/omscmr.fd
File: omscmr.fd 2014/09/29 v2.5h Standard LaTeX font definitions
)
LaTeX Font Info:    Font shape `OMS/cmr/m/n' in size <12> not available
(Font)              Font shape `OMS/cmsy/m/n' tried instead on input line 115.
 [4] [5]
./main.tex:165: Undefined control sequence.
l.165 \fifigure
               
The control sequence at the end of the top line
of your error message was never \def'ed. If you have
misspelled it (e.g., `\hobx'), type `I' and the correct
spelling (e.g., `I\hbox'). Otherwise just continue,
and I'll forget about whatever was undefined.

File: ./images/research_amazon.jpg Graphic file (type bmp)
<./images/research_amazon.jpg>
LaTeX Font Info:    Font shape `JT2/mc/m/n' will be
(Font)              scaled to size 8.65997pt on input line 169.
LaTeX Font Info:    Font shape `JY2/mc/m/n' will be
(Font)              scaled to size 8.65997pt on input line 169.

./main.tex:173: Extra \fi.
l.173 \fi
         
I'm ignoring this; it doesn't match any \if.

[6]
./main.tex:205: Undefined control sequence.
l.205 \fifigure
               
The control sequence at the end of the top line
of your error message was never \def'ed. If you have
misspelled it (e.g., `\hobx'), type `I' and the correct
spelling (e.g., `I\hbox'). Otherwise just continue,
and I'll forget about whatever was undefined.

File: ./images/bitblend.png Graphic file (type bmp)
<./images/bitblend.png>
./main.tex:213: Extra \fi.
l.213 \fi
         
I'm ignoring this; it doesn't match any \if.

[7]
./main.tex:215: Undefined control sequence.
l.215 \fifigure
               
The control sequence at the end of the top line
of your error message was never \def'ed. If you have
misspelled it (e.g., `\hobx'), type `I' and the correct
spelling (e.g., `I\hbox'). Otherwise just continue,
and I'll forget about whatever was undefined.

File: ./images/localize_search.jpg Graphic file (type bmp)
<./images/localize_search.jpg>
./main.tex:223: Extra \fi.
l.223 \fi
         
I'm ignoring this; it doesn't match any \if.

[8]
./main.tex:246: Undefined control sequence.
l.246 \fifigure
               
The control sequence at the end of the top line
of your error message was never \def'ed. If you have
misspelled it (e.g., `\hobx'), type `I' and the correct
spelling (e.g., `I\hbox'). Otherwise just continue,
and I'll forget about whatever was undefined.

File: ./images/yahoo_watav.jpg Graphic file (type bmp)
<./images/yahoo_watav.jpg>
./main.tex:254: Extra \fi.
l.254 \fi
         
I'm ignoring this; it doesn't match any \if.

[9] [10] [11]
./main.tex:360: Undefined control sequence.
l.360 \fifigure
               
The control sequence at the end of the top line
of your error message was never \def'ed. If you have
misspelled it (e.g., `\hobx'), type `I' and the correct
spelling (e.g., `I\hbox'). Otherwise just continue,
and I'll forget about whatever was undefined.

File: ./images/livingarea_diagram.png Graphic file (type bmp)
<./images/livingarea_diagram.png>
./main.tex:368: Extra \fi.
l.368 \fi
         
I'm ignoring this; it doesn't match any \if.

[12] [13]
./main.tex:443: Undefined control sequence.
l.443 \fifigure
               
The control sequence at the end of the top line
of your error message was never \def'ed. If you have
misspelled it (e.g., `\hobx'), type `I' and the correct
spelling (e.g., `I\hbox'). Otherwise just continue,
and I'll forget about whatever was undefined.

File: ./images/system.png Graphic file (type bmp)
<./images/system.png>
./main.tex:451: Extra \fi.
l.451 \fi
         
I'm ignoring this; it doesn't match any \if.

[14] [15]
./main.tex:499: Undefined control sequence.
l.499 \fifigure
               
The control sequence at the end of the top line
of your error message was never \def'ed. If you have
misspelled it (e.g., `\hobx'), type `I' and the correct
spelling (e.g., `I\hbox'). Otherwise just continue,
and I'll forget about whatever was undefined.

File: ./images/system_result.jpg Graphic file (type bmp)
<./images/system_result.jpg>
./main.tex:507: Extra \fi.
l.507 \fi
         
I'm ignoring this; it doesn't match any \if.

[16] [17] [18] [19]
./main.tex:654: Undefined control sequence.
l.654 \fifigure
               
The control sequence at the end of the top line
of your error message was never \def'ed. If you have
misspelled it (e.g., `\hobx'), type `I' and the correct
spelling (e.g., `I\hbox'). Otherwise just continue,
and I'll forget about whatever was undefined.

File: ./images/mbs_top.jpg Graphic file (type bmp)
<./images/mbs_top.jpg>
File: ./images/mbs_facility.jpg Graphic file (type bmp)
 <./images/mbs_facility.jpg>
./main.tex:670: Extra \fi.
l.670 \fi
         
I'm ignoring this; it doesn't match any \if.

[20]
./main.tex:672: Undefined control sequence.
l.672 \fifigure
               
The control sequence at the end of the top line
of your error message was never \def'ed. If you have
misspelled it (e.g., `\hobx'), type `I' and the correct
spelling (e.g., `I\hbox'). Otherwise just continue,
and I'll forget about whatever was undefined.

File: ./images/mbs_eq.jpg Graphic file (type bmp)
<./images/mbs_eq.jpg>
File: ./images/mbs_flood.jpg Graphic file (type bmp)
 <./images/mbs_flood.jpg>
File: ./images/mbs_sediment.jpg Graphic file (type bmp)
 <./images/mbs_sediment.jpg>
./main.tex:693: Extra \fi.
l.693 \fi
         
I'm ignoring this; it doesn't match any \if.

[21] [22]
./main.tex:747: Undefined control sequence.
l.747 \fifigure
               
The control sequence at the end of the top line
of your error message was never \def'ed. If you have
misspelled it (e.g., `\hobx'), type `I' and the correct
spelling (e.g., `I\hbox'). Otherwise just continue,
and I'll forget about whatever was undefined.

File: ./images/kamakura_01.jpg Graphic file (type bmp)
<./images/kamakura_01.jpg>
File: ./images/kamakura_02.jpg Graphic file (type bmp)
 <./images/kamakura_02.jpg>
Overfull \hbox (24.0pt too wide) in paragraph at lines 750--759
 [][][] 
 []

./main.tex:763: Extra \fi.
l.763 \fi
         
I'm ignoring this; it doesn't match any \if.

[23]
./main.tex:835: Undefined control sequence.
l.835   \fifigure
                 
The control sequence at the end of the top line
of your error message was never \def'ed. If you have
misspelled it (e.g., `\hobx'), type `I' and the correct
spelling (e.g., `I\hbox'). Otherwise just continue,
and I'll forget about whatever was undefined.

File: ./images/kamakura_questionnaire.jpg Graphic file (type bmp)
<./images/kamakura_questionnaire.jpg>
./main.tex:843: Extra \fi.
l.843   \fi
           
I'm ignoring this; it doesn't match any \if.

[24] [25]

./main.tex:879: LaTeX Error: \begin{enumerate} on input line 768 ended by \end{itemize}.

See the LaTeX manual or LaTeX Companion for explanation.
Type  H <return>  for immediate help.
 ...                                              
                                                  
l.879 \end{itemize}
                   
Your command was ignored.
Type  I <command> <return>  to replace it with another command,
or  <return>  to continue without it.

[26]
./main.tex:928: Undefined control sequence.
l.928     \fifigure
                   
The control sequence at the end of the top line
of your error message was never \def'ed. If you have
misspelled it (e.g., `\hobx'), type `I' and the correct
spelling (e.g., `I\hbox'). Otherwise just continue,
and I'll forget about whatever was undefined.

File: ./images/mbn_questionnaire.jpg Graphic file (type bmp)
<./images/mbn_questionnaire.jpg>
./main.tex:936: Extra \fi.
l.936     \fi
             
I'm ignoring this; it doesn't match any \if.

[27] [28]

./main.tex:987: LaTeX Error: \begin{enumerate} on input line 886 ended by \end{itemize}.

See the LaTeX manual or LaTeX Companion for explanation.
Type  H <return>  for immediate help.
 ...                                              
                                                  
l.987   \end{itemize}
                     
Your command was ignored.
Type  I <command> <return>  to replace it with another command,
or  <return>  to continue without it.

[29] [30]
./main.tex:1051: Undefined control sequence.
l.1051 \fifigure
                
The control sequence at the end of the top line
of your error message was never \def'ed. If you have
misspelled it (e.g., `\hobx'), type `I' and the correct
spelling (e.g., `I\hbox'). Otherwise just continue,
and I'll forget about whatever was undefined.

File: ./images/curation_scraping_list.jpg Graphic file (type bmp)
<./images/curation_scraping_list.jpg>
./main.tex:1059: Extra \fi.
l.1059 \fi
          
I'm ignoring this; it doesn't match any \if.

./main.tex:1061: Undefined control sequence.
l.1061 \fifigure
                
The control sequence at the end of the top line
of your error message was never \def'ed. If you have
misspelled it (e.g., `\hobx'), type `I' and the correct
spelling (e.g., `I\hbox'). Otherwise just continue,
and I'll forget about whatever was undefined.

File: ./images/curation_scraping_article.jpg Graphic file (type bmp)
<./images/curation_scraping_article.jpg>
./main.tex:1069: Extra \fi.
l.1069 \fi
          
I'm ignoring this; it doesn't match any \if.

[31] [32]
./main.tex:1146: Undefined control sequence.
l.1146 \fifigure
                
The control sequence at the end of the top line
of your error message was never \def'ed. If you have
misspelled it (e.g., `\hobx'), type `I' and the correct
spelling (e.g., `I\hbox'). Otherwise just continue,
and I'll forget about whatever was undefined.

File: ./images/curation_home.png Graphic file (type bmp)
<./images/curation_home.png>
File: ./images/curation_article.png Graphic file (type bmp)
 <./images/curation_article.png>
./main.tex:1162: Extra \fi.
l.1162 \fi
          
I'm ignoring this; it doesn't match any \if.

[33]
./main.tex:1164: Undefined control sequence.
l.1164 \fifigure
                
The control sequence at the end of the top line
of your error message was never \def'ed. If you have
misspelled it (e.g., `\hobx'), type `I' and the correct
spelling (e.g., `I\hbox'). Otherwise just continue,
and I'll forget about whatever was undefined.

File: ./images/curation_favo_list.jpg Graphic file (type bmp)
<./images/curation_favo_list.jpg>
File: ./images/curation_search.png Graphic file (type bmp)
 <./images/curation_search.png>
./main.tex:1180: Extra \fi.
l.1180 \fi
          
I'm ignoring this; it doesn't match any \if.

[34] [35] [36]
./main.tex:1294: Undefined control sequence.
l.1294   \fifigure
                  
The control sequence at the end of the top line
of your error message was never \def'ed. If you have
misspelled it (e.g., `\hobx'), type `I' and the correct
spelling (e.g., `I\hbox'). Otherwise just continue,
and I'll forget about whatever was undefined.

File: ./images/curation_02_result.jpg Graphic file (type bmp)
<./images/curation_02_result.jpg>
./main.tex:1302: Extra \fi.
l.1302   \fi
            
I'm ignoring this; it doesn't match any \if.

[37]
./main.tex:1314: Undefined control sequence.
l.1314   \fifigure
                  
The control sequence at the end of the top line
of your error message was never \def'ed. If you have
misspelled it (e.g., `\hobx'), type `I' and the correct
spelling (e.g., `I\hbox'). Otherwise just continue,
and I'll forget about whatever was undefined.

File: ./images/curation_03_result.jpg Graphic file (type bmp)
<./images/curation_03_result.jpg>
./main.tex:1322: Extra \fi.
l.1322   \fi
            
I'm ignoring this; it doesn't match any \if.

[38] [39] [40] [41] [42] [43]
Underfull \hbox (badness 10000) in paragraph at lines 1510--1513
\OT1/cmr/m/n/12 70-brands-personalizing-emails-missing-higher-transaction-rates-revenue-73241\JY2/mc/m/n/12 ，
 []

[44] (./main.aux) ) 
Here is how much of TeX's memory you used:
 1171 strings out of 493689
 16266 string characters out of 6149981
 78949 words of memory out of 5000000
 4732 multiletter control sequences out of 15000+600000
 13029 words of font info for 62 fonts, out of 8000000 for 9000
 934 hyphenation exceptions out of 8191
 27i,10n,21p,1306b,475s stack positions out of 5000i,500n,10000p,200000b,80000s

Output written on main.dvi (51 pages, 151740 bytes).
